<?xml version="1.0" encoding="UTF-8"?>
<!-- Generated by org.testng.reporters.JUnitReportReporter -->
<testsuite hostname="Ketan" failures="0" tests="1" name="StandardFramework.Tests.MainTest" time="15.625" errors="0" timestamp="2025-04-03T16:08:39 IST" skipped="0">
  <testcase classname="StandardFramework.Tests.MainTest" name="eComercee" time="15.625"/>
</testsuite> <!-- StandardFramework.Tests.MainTest -->
